<?xml version="1.0" encoding="UTF-8"?>
<testsuite name="de.thingweb.repository.test_discovery_server" tests="1" skipped="0" failures="0" errors="0" timestamp="2016-08-02T12:36:03" hostname="MD1HQ93C" time="0.002">
  <properties/>
  <testcase name="testRepository" classname="de.thingweb.repository.test_discovery_server" time="0.002"/>
  <system-out><![CDATA[]]></system-out>
  <system-err><![CDATA[]]></system-err>
</testsuite>
